<?xml version="1.0" encoding="UTF-8"?>
<!-- Generated by org.testng.reporters.JUnitXMLReporter -->
<testsuite ignored="0" hostname="GDCIT-LAPT419" failures="2" tests="8" name="LoginTest" time="64.763" errors="0" timestamp="2026-01-18T16:20:09 IST">
  <testcase classname="com.adactinhotelapp.tests.ValidateLogin" name="validateLoginTest1" time="0.79">
    <failure type="java.lang.AssertionError" message="expected [Adactin.com - Search Hotel] but found [Adactin.com - Hotel Reservation System]">
      <![CDATA[java.lang.AssertionError: expected [Adactin.com - Search Hotel] but found [Adactin.com - Hotel Reservation System]
at com.adactinhotelapp.tests.ValidateLogin.validateLoginTest1(ValidateLogin.java:31)
at java.base/java.util.ArrayList.forEach(ArrayList.java:1596)
... Removed 31 stack frames]]>
    </failure>
  </testcase> <!-- validateLoginTest1 -->
  <testcase classname="com.adactinhotelapp.tests.ValidateLogin" name="validateLoginTest2" time="0.665"/>
  <testcase classname="com.adactinhotelapp.tests.ValidateLogin" name="validateLoginTest3" time="0.747"/>
  <testcase classname="com.adactinhotelapp.tests.ValidateLogin" name="validateLoginTest4" time="0.647"/>
  <testcase classname="com.adactinhotelapp.tests.ValidateLoginUsingDataProvider" name="validateLoginTest1" time="0.584">
    <failure type="java.lang.AssertionError" message="expected [Adactin.com - Search Hotel] but found [Adactin.com - Hotel Reservation System]">
      <![CDATA[java.lang.AssertionError: expected [Adactin.com - Search Hotel] but found [Adactin.com - Hotel Reservation System]
at com.adactinhotelapp.tests.ValidateLoginUsingDataProvider.validateLoginTest1(ValidateLoginUsingDataProvider.java:32)
at java.base/java.util.ArrayList.forEach(ArrayList.java:1596)
... Removed 31 stack frames]]>
    </failure>
  </testcase> <!-- validateLoginTest1 -->
  <testcase classname="com.adactinhotelapp.tests.ValidateLoginUsingDataProvider" name="validateLoginTest1" time="0.621"/>
  <testcase classname="com.adactinhotelapp.tests.ValidateLoginUsingDataProvider" name="validateLoginTest1" time="0.648"/>
  <testcase classname="com.adactinhotelapp.tests.ValidateLoginUsingDataProvider" name="validateLoginTest1" time="0.582"/>
</testsuite> <!-- LoginTest -->
