<?xml version="1.0" encoding="UTF-8"?>
<!-- Generated by org.testng.reporters.JUnitXMLReporter -->
<testsuite ignored="2" hostname="GDCIT-LAPT419" failures="2" tests="2" name="Regression Test " time="21.468" errors="0" timestamp="2026-01-18T16:17:22 IST">
  <testcase classname="com.adactinhotelapp.tests.ValidateLoginUsingPOMUsingPF" name="validateLoginTest" time="0.909">
    <failure type="java.lang.AssertionError" message="expected:&amp;lt;Adactin.com - Hotel Reservation System&amp;gt; but was:&amp;lt;Adactin.com - Search Hotel&amp;gt;">
      <![CDATA[java.lang.AssertionError: expected:<Adactin.com - Hotel Reservation System> but was:<Adactin.com - Search Hotel>
at com.adactinhotelapp.tests.ValidateLoginUsingPOMUsingPF.validateLoginTest(ValidateLoginUsingPOMUsingPF.java:32)
at java.base/java.util.ArrayList.forEach(ArrayList.java:1596)
... Removed 27 stack frames]]>
    </failure>
  </testcase> <!-- validateLoginTest -->
  <testcase classname="com.adactinhotelapp.tests.ValidateSearchHotelPagePOMUsingPF" name="validateSearchHotelTest" time="0.89">
    <failure type="java.lang.AssertionError" message="expected [Adactin.com - Search Hotel] but found [Adactin.com - Hotel Reservation System]">
      <![CDATA[java.lang.AssertionError: expected [Adactin.com - Search Hotel] but found [Adactin.com - Hotel Reservation System]
at com.adactinhotelapp.tests.ValidateSearchHotelPagePOMUsingPF.validateSearchHotelTest(ValidateSearchHotelPagePOMUsingPF.java:24)
at java.base/java.util.ArrayList.forEach(ArrayList.java:1596)
... Removed 31 stack frames]]>
    </failure>
  </testcase> <!-- validateSearchHotelTest -->
  <testcase classname="com.adactinhotelapp.base.BaseTest" name="@AfterTest teardown" time="0.0">
    <ignored/>
  </testcase> <!-- @AfterTest teardown -->
  <testcase classname="com.adactinhotelapp.base.BaseTest" name="@BeforeTest setUp" time="0.0">
    <ignored/>
  </testcase> <!-- @BeforeTest setUp -->
</testsuite> <!-- Regression Test  -->
