<?xml version="1.0" encoding="UTF-8"?>
<!-- Generated by org.testng.reporters.JUnitXMLReporter -->
<testsuite ignored="0" hostname="GDCIT-LAPT419" failures="1" tests="1" name="Test" time="3.493" errors="0" timestamp="2026-05-06T16:21:42 IST">
  <testcase classname="com.adactinhotelapp.tests.SearchAndVerifyCartTest" name="testSearchAndVerifyCart" time="0.0">
    <failure type="org.testng.TestNGException" message="
Method public void com.adactinhotelapp.tests.SearchAndVerifyCartTest.testSearchAndVerifyCart(java.util.HashMap) requires a @DataProvider named : getData">
      <![CDATA[org.testng.TestNGException: 
Method public void com.adactinhotelapp.tests.SearchAndVerifyCartTest.testSearchAndVerifyCart(java.util.HashMap) requires a @DataProvider named : getData
at java.base/java.util.ArrayList.forEach(ArrayList.java:1511)
... Removed 24 stack frames]]>
    </failure>
  </testcase> <!-- testSearchAndVerifyCart -->
</testsuite> <!-- Test -->
