<?xml version="1.0" encoding="UTF-8"?>
<testng-results ignored="0" total="1" passed="1" failed="0" skipped="0">
  <reporter-output>
  </reporter-output>
  <suite started-at="2026-03-27T11:31:01 IST" name="Suite" finished-at="2026-03-27T11:31:19 IST" duration-ms="17272">
    <groups>
    </groups>
    <test started-at="2026-03-27T11:31:01 IST" name="Test" finished-at="2026-03-27T11:31:19 IST" duration-ms="17272">
      <class name="com.adactinhotelapp.tests.BrandProductsTest">
        <test-method is-config="true" signature="setUp()[pri:0, instance:com.adactinhotelapp.tests.BrandProductsTest@1cc9cfb2]" started-at="2026-03-27T11:31:01 IST" name="setUp" finished-at="2026-03-27T11:31:01 IST" duration-ms="28" status="PASS">
          <reporter-output>
          </reporter-output>
        </test-method> <!-- setUp -->
        <test-method is-config="true" signature="appLaunch()[pri:0, instance:com.adactinhotelapp.tests.BrandProductsTest@1cc9cfb2]" started-at="2026-03-27T11:31:01 IST" name="appLaunch" finished-at="2026-03-27T11:31:07 IST" duration-ms="5246" status="PASS">
          <reporter-output>
          </reporter-output>
        </test-method> <!-- appLaunch -->
        <test-method signature="testBrandProducts()[pri:0, instance:com.adactinhotelapp.tests.BrandProductsTest@1cc9cfb2]" started-at="2026-03-27T11:31:07 IST" name="testBrandProducts" finished-at="2026-03-27T11:31:13 IST" duration-ms="5727" status="PASS">
          <reporter-output>
          </reporter-output>
        </test-method> <!-- testBrandProducts -->
        <test-method is-config="true" signature="closeBrowser(org.testng.ITestResult)[pri:0, instance:com.adactinhotelapp.tests.BrandProductsTest@1cc9cfb2]" started-at="2026-03-27T11:31:13 IST" name="closeBrowser" finished-at="2026-03-27T11:31:16 IST" duration-ms="3007" status="PASS">
          <params>
            <param index="0">
              <value>
                <![CDATA[[TestResult name=testBrandProducts status=SUCCESS method=BrandProductsTest.testBrandProducts()[pri:0, instance:com.adactinhotelapp.tests.BrandProductsTest@1cc9cfb2] output={null}]]]>
              </value>
            </param>
          </params>
          <reporter-output>
          </reporter-output>
        </test-method> <!-- closeBrowser -->
        <test-method is-config="true" signature="teardown()[pri:0, instance:com.adactinhotelapp.tests.BrandProductsTest@1cc9cfb2]" started-at="2026-03-27T11:31:16 IST" name="teardown" finished-at="2026-03-27T11:31:19 IST" duration-ms="3011" status="PASS">
          <reporter-output>
          </reporter-output>
        </test-method> <!-- teardown -->
      </class> <!-- com.adactinhotelapp.tests.BrandProductsTest -->
    </test> <!-- Test -->
  </suite> <!-- Suite -->
</testng-results>
