<?xml version="1.0" encoding="UTF-8"?>
<testng-results ignored="0" total="1" passed="1" failed="0" skipped="0">
  <reporter-output>
  </reporter-output>
  <suite started-at="2026-05-08T10:57:26 IST" name="Suite" finished-at="2026-05-08T10:57:53 IST" duration-ms="26633">
    <groups>
    </groups>
    <test started-at="2026-05-08T10:57:26 IST" name="Test" finished-at="2026-05-08T10:57:53 IST" duration-ms="26633">
      <class name="com.adactinhotelapp.tests.SearchAndVerifyCartTest">
        <test-method is-config="true" signature="setUp()[pri:0, instance:com.adactinhotelapp.tests.SearchAndVerifyCartTest@6aef4eb8]" started-at="2026-05-08T10:57:26 IST" name="setUp" finished-at="2026-05-08T10:57:27 IST" duration-ms="32" status="PASS">
          <reporter-output>
          </reporter-output>
        </test-method> <!-- setUp -->
        <test-method is-config="true" signature="appLaunch()[pri:0, instance:com.adactinhotelapp.tests.SearchAndVerifyCartTest@6aef4eb8]" started-at="2026-05-08T10:57:28 IST" name="appLaunch" finished-at="2026-05-08T10:57:33 IST" duration-ms="4930" status="PASS">
          <reporter-output>
          </reporter-output>
        </test-method> <!-- appLaunch -->
        <test-method signature="testSearchAndVerifyCart(java.util.HashMap)[pri:0, instance:com.adactinhotelapp.tests.SearchAndVerifyCartTest@6aef4eb8]" started-at="2026-05-08T10:57:33 IST" name="testSearchAndVerifyCart" data-provider="getData" finished-at="2026-05-08T10:57:47 IST" duration-ms="14241" status="PASS">
          <params>
            <param index="0">
              <value>
                <![CDATA[{Logged in As=cred, Email=cefir28081@daerdy.com, Password=Welcome@123}]]>
              </value>
            </param>
          </params>
          <reporter-output>
          </reporter-output>
        </test-method> <!-- testSearchAndVerifyCart -->
        <test-method is-config="true" signature="closeBrowser(org.testng.ITestResult)[pri:0, instance:com.adactinhotelapp.tests.SearchAndVerifyCartTest@6aef4eb8]" started-at="2026-05-08T10:57:47 IST" name="closeBrowser" finished-at="2026-05-08T10:57:50 IST" duration-ms="3012" status="PASS">
          <params>
            <param index="0">
              <value>
                <![CDATA[[TestResult name=testSearchAndVerifyCart status=SUCCESS method=SearchAndVerifyCartTest.testSearchAndVerifyCart(java.util.HashMap)[pri:0, instance:com.adactinhotelapp.tests.SearchAndVerifyCartTest@6aef4eb8] output={null}]]]>
              </value>
            </param>
          </params>
          <reporter-output>
          </reporter-output>
        </test-method> <!-- closeBrowser -->
        <test-method is-config="true" signature="teardown()[pri:0, instance:com.adactinhotelapp.tests.SearchAndVerifyCartTest@6aef4eb8]" started-at="2026-05-08T10:57:50 IST" name="teardown" finished-at="2026-05-08T10:57:53 IST" duration-ms="3007" status="PASS">
          <reporter-output>
          </reporter-output>
        </test-method> <!-- teardown -->
      </class> <!-- com.adactinhotelapp.tests.SearchAndVerifyCartTest -->
    </test> <!-- Test -->
  </suite> <!-- Suite -->
</testng-results>
