<?xml version="1.0" encoding="UTF-8"?>
<!-- Generated by org.testng.reporters.JUnitReportReporter -->
<testsuite hostname="GDCIT-LAPT419" failures="0" tests="1" name="com.adactinhotelapp.tests.PlaceOrderRegisterBeforeCheckoutTest" time="38.119" errors="0" timestamp="2026-03-04T20:23:21 IST" skipped="0">
  <testcase classname="com.adactinhotelapp.tests.PlaceOrderRegisterBeforeCheckoutTest" name="placeOrderRegisterBeforeCheckout" time="38.119"/>
</testsuite> <!-- com.adactinhotelapp.tests.PlaceOrderRegisterBeforeCheckoutTest -->
