<?xml version="1.0" encoding="UTF-8"?>
<!-- Generated by org.testng.reporters.JUnitReportReporter -->
<testsuite hostname="GDCIT-LAPT419" failures="0" tests="1" name="com.adactinhotelapp.tests.VerifyProductQuantityInCartTest" time="18.221" errors="0" timestamp="2026-02-21T12:14:36 IST" skipped="0">
  <testcase classname="com.adactinhotelapp.tests.VerifyProductQuantityInCartTest" name="verifyProductQuantity" time="18.221"/>
</testsuite> <!-- com.adactinhotelapp.tests.VerifyProductQuantityInCartTest -->
